<?xml version="1.0" encoding="UTF-8"?>
<!-- Generated by org.testng.reporters.JUnitReportReporter -->
<testsuite hostname="Chitti" failures="0" tests="1" name="testCases.TC001_AccountRegistrationTest" time="3.112" errors="0" timestamp="2025-03-03T21:17:24 CST" skipped="0">
  <testcase classname="testCases.TC001_AccountRegistrationTest" name="verify_account_registration" time="3.112"/>
</testsuite> <!-- testCases.TC001_AccountRegistrationTest -->
