<?xml version="1.0" encoding="UTF-8"?>
<!-- Generated by org.testng.reporters.JUnitReportReporter -->
<testsuite hostname="Chitti" failures="0" tests="1" name="testCases.TC002_LoginTest" time="2.468" errors="0" timestamp="2025-05-02T14:31:04 CDT" skipped="0">
  <testcase classname="testCases.TC002_LoginTest" name="verify_login" time="2.468"/>
</testsuite> <!-- testCases.TC002_LoginTest -->
